<?xml version="1.0" encoding="UTF-8"?>
<!-- Generated by org.testng.reporters.JUnitReportReporter -->
<testsuite hostname="Nehas-MacBook-Pro.local" failures="0" tests="3" name="com.ani.login.LoginTestngRunnerTest" time="0.206" errors="0" timestamp="2021-03-16T09:51:30 EDT" skipped="0">
  <testcase classname="com.ani.login.LoginTestngRunnerTest" name="runScenario" time="0.024"/>
  <system-out/>
  <testcase classname="com.ani.login.LoginTestngRunnerTest" name="runScenario" time="0.168"/>
  <system-out/>
  <testcase classname="com.ani.login.LoginTestngRunnerTest" name="runScenario" time="0.014"/>
  <system-out/>
</testsuite> <!-- com.ani.login.LoginTestngRunnerTest -->
